<?xml version="1.0" encoding="UTF-8"?>
<!-- Generated by org.testng.reporters.JUnitReportReporter -->
<testsuite hostname="Mohammeds-MacBook-Pro-2.local" name="testcases.TextFieldsTest" tests="5" failures="0" timestamp="26 Jan 2019 02:15:19 GMT" time="115.400" errors="0">
  <testcase name="thirdTextFieldsTest" time="21.704" classname="testcases.TextFieldsTest"/>
  <testcase name="secondTextFieldsTest" time="23.282" classname="testcases.TextFieldsTest"/>
  <testcase name="firstTextFieldsTest" time="28.630" classname="testcases.TextFieldsTest"/>
  <testcase name="textFieldPageValidation" time="17.734" classname="testcases.TextFieldsTest"/>
  <testcase name="fourthTextFieldsTest" time="24.050" classname="testcases.TextFieldsTest"/>
</testsuite> <!-- testcases.TextFieldsTest -->
