<?xml version="1.0" encoding="UTF-8"?>
<!-- Generated by org.testng.reporters.JUnitReportReporter -->
<testsuite hostname="Mohammeds-MacBook-Pro-2.local" name="testcases.TestSegments" tests="7" failures="0" timestamp="26 Jan 2019 02:15:19 GMT" time="97.625" errors="0">
  <testcase name="firstSegmentMidTest" time="13.947" classname="testcases.TestSegments"/>
  <testcase name="secondSegmentLeftTest" time="13.638" classname="testcases.TestSegments"/>
  <testcase name="secondSegmentMidTest" time="14.189" classname="testcases.TestSegments"/>
  <testcase name="firstSegmentRightTest" time="13.700" classname="testcases.TestSegments"/>
  <testcase name="firstSegmentLeftTest" time="14.217" classname="testcases.TestSegments"/>
  <testcase name="secondSegmentRightTest" time="14.345" classname="testcases.TestSegments"/>
  <testcase name="segmentTabValidation" time="13.589" classname="testcases.TestSegments"/>
</testsuite> <!-- testcases.TestSegments -->
