<?xml version="1.0" encoding="UTF-8"?>
<!-- Generated by org.testng.reporters.JUnitReportReporter -->
<testsuite hostname="Mohammeds-MacBook-Pro-2.local" name="testcases.TestHomePageItems" tests="8" failures="0" timestamp="26 Jan 2019 02:15:19 GMT" time="88.859" errors="0">
  <testcase name="controlsIconCheckTest" time="10.883" classname="testcases.TestHomePageItems"/>
  <testcase name="controlsButtonCheckTest" time="10.852" classname="testcases.TestHomePageItems"/>
  <testcase name="pickersIconCheckText" time="10.651" classname="testcases.TestHomePageItems"/>
  <testcase name="textFieldsCheckTest" time="11.059" classname="testcases.TestHomePageItems"/>
  <testcase name="textViewIconCheckTest" time="11.610" classname="testcases.TestHomePageItems"/>
  <testcase name="searchBarIconCheckTest" time="12.145" classname="testcases.TestHomePageItems"/>
  <testcase name="buttonIconCheckTest" time="10.786" classname="testcases.TestHomePageItems"/>
  <testcase name="textFieldsIconCheckTest" time="10.873" classname="testcases.TestHomePageItems"/>
</testsuite> <!-- testcases.TestHomePageItems -->
